C:\Users\tanwei.HOLD\Documents\Visual Studio 2010\Projects\getMathML - 副本 (2)\Debug\getMathML.exe
C:\Users\tanwei.HOLD\Documents\Visual Studio 2010\Projects\getMathML - 副本 (2)\Debug\getMathML.ilk
C:\Users\tanwei.HOLD\Documents\Visual Studio 2010\Projects\getMathML - 副本 (2)\Debug\getMathML.pdb
C:\Users\tanwei.HOLD\Documents\Visual Studio 2010\Projects\getMathML - 副本 (2)\getMathML\Debug\cl.command.1.tlog
C:\Users\tanwei.HOLD\Documents\Visual Studio 2010\Projects\getMathML - 副本 (2)\getMathML\Debug\CL.read.1.tlog
C:\Users\tanwei.HOLD\Documents\Visual Studio 2010\Projects\getMathML - 副本 (2)\getMathML\Debug\CL.write.1.tlog
C:\Users\tanwei.HOLD\Documents\Visual Studio 2010\Projects\getMathML - 副本 (2)\getMathML\Debug\getMathML.exe.embed.manifest
C:\Users\tanwei.HOLD\Documents\Visual Studio 2010\Projects\getMathML - 副本 (2)\getMathML\Debug\getMathML.exe.embed.manifest.res
C:\Users\tanwei.HOLD\Documents\Visual Studio 2010\Projects\getMathML - 副本 (2)\getMathML\Debug\getMathML.exe.intermediate.manifest
C:\Users\tanwei.HOLD\Documents\Visual Studio 2010\Projects\getMathML - 副本 (2)\getMathML\Debug\getMathML.obj
C:\Users\tanwei.HOLD\Documents\Visual Studio 2010\Projects\getMathML - 副本 (2)\getMathML\Debug\getMathML.pch
C:\Users\tanwei.HOLD\Documents\Visual Studio 2010\Projects\getMathML - 副本 (2)\getMathML\Debug\getMathML.res
C:\Users\tanwei.HOLD\Documents\Visual Studio 2010\Projects\getMathML - 副本 (2)\getMathML\Debug\getMathML.vcxprojResolveAssemblyReference.cache
C:\Users\tanwei.HOLD\Documents\Visual Studio 2010\Projects\getMathML - 副本 (2)\getMathML\Debug\getMathML.write.1.tlog
C:\Users\tanwei.HOLD\Documents\Visual Studio 2010\Projects\getMathML - 副本 (2)\getMathML\Debug\getMathML_manifest.rc
C:\Users\tanwei.HOLD\Documents\Visual Studio 2010\Projects\getMathML - 副本 (2)\getMathML\Debug\getMathMLDlg.obj
C:\Users\tanwei.HOLD\Documents\Visual Studio 2010\Projects\getMathML - 副本 (2)\getMathML\Debug\link.11916.read.1.tlog
C:\Users\tanwei.HOLD\Documents\Visual Studio 2010\Projects\getMathML - 副本 (2)\getMathML\Debug\link.11916.write.1.tlog
C:\Users\tanwei.HOLD\Documents\Visual Studio 2010\Projects\getMathML - 副本 (2)\getMathML\Debug\link.11916-cvtres.read.1.tlog
C:\Users\tanwei.HOLD\Documents\Visual Studio 2010\Projects\getMathML - 副本 (2)\getMathML\Debug\link.11916-cvtres.write.1.tlog
C:\Users\tanwei.HOLD\Documents\Visual Studio 2010\Projects\getMathML - 副本 (2)\getMathML\Debug\link.12460.read.1.tlog
C:\Users\tanwei.HOLD\Documents\Visual Studio 2010\Projects\getMathML - 副本 (2)\getMathML\Debug\link.12460.write.1.tlog
C:\Users\tanwei.HOLD\Documents\Visual Studio 2010\Projects\getMathML - 副本 (2)\getMathML\Debug\link.12460-cvtres.read.1.tlog
C:\Users\tanwei.HOLD\Documents\Visual Studio 2010\Projects\getMathML - 副本 (2)\getMathML\Debug\link.12460-cvtres.write.1.tlog
C:\Users\tanwei.HOLD\Documents\Visual Studio 2010\Projects\getMathML - 副本 (2)\getMathML\Debug\link.12964.read.1.tlog
C:\Users\tanwei.HOLD\Documents\Visual Studio 2010\Projects\getMathML - 副本 (2)\getMathML\Debug\link.12964.write.1.tlog
C:\Users\tanwei.HOLD\Documents\Visual Studio 2010\Projects\getMathML - 副本 (2)\getMathML\Debug\link.12964-cvtres.read.1.tlog
C:\Users\tanwei.HOLD\Documents\Visual Studio 2010\Projects\getMathML - 副本 (2)\getMathML\Debug\link.12964-cvtres.write.1.tlog
C:\Users\tanwei.HOLD\Documents\Visual Studio 2010\Projects\getMathML - 副本 (2)\getMathML\Debug\link.15468.read.1.tlog
C:\Users\tanwei.HOLD\Documents\Visual Studio 2010\Projects\getMathML - 副本 (2)\getMathML\Debug\link.15468.write.1.tlog
C:\Users\tanwei.HOLD\Documents\Visual Studio 2010\Projects\getMathML - 副本 (2)\getMathML\Debug\link.15468-cvtres.read.1.tlog
C:\Users\tanwei.HOLD\Documents\Visual Studio 2010\Projects\getMathML - 副本 (2)\getMathML\Debug\link.15468-cvtres.write.1.tlog
C:\Users\tanwei.HOLD\Documents\Visual Studio 2010\Projects\getMathML - 副本 (2)\getMathML\Debug\link.16916.read.1.tlog
C:\Users\tanwei.HOLD\Documents\Visual Studio 2010\Projects\getMathML - 副本 (2)\getMathML\Debug\link.16916.write.1.tlog
C:\Users\tanwei.HOLD\Documents\Visual Studio 2010\Projects\getMathML - 副本 (2)\getMathML\Debug\link.16916-cvtres.read.1.tlog
C:\Users\tanwei.HOLD\Documents\Visual Studio 2010\Projects\getMathML - 副本 (2)\getMathML\Debug\link.16916-cvtres.write.1.tlog
C:\Users\tanwei.HOLD\Documents\Visual Studio 2010\Projects\getMathML - 副本 (2)\getMathML\Debug\link.17020.read.1.tlog
C:\Users\tanwei.HOLD\Documents\Visual Studio 2010\Projects\getMathML - 副本 (2)\getMathML\Debug\link.17020.write.1.tlog
C:\Users\tanwei.HOLD\Documents\Visual Studio 2010\Projects\getMathML - 副本 (2)\getMathML\Debug\link.17020-cvtres.read.1.tlog
C:\Users\tanwei.HOLD\Documents\Visual Studio 2010\Projects\getMathML - 副本 (2)\getMathML\Debug\link.17020-cvtres.write.1.tlog
C:\Users\tanwei.HOLD\Documents\Visual Studio 2010\Projects\getMathML - 副本 (2)\getMathML\Debug\link.5908.read.1.tlog
C:\Users\tanwei.HOLD\Documents\Visual Studio 2010\Projects\getMathML - 副本 (2)\getMathML\Debug\link.5908.write.1.tlog
C:\Users\tanwei.HOLD\Documents\Visual Studio 2010\Projects\getMathML - 副本 (2)\getMathML\Debug\link.5908-cvtres.read.1.tlog
C:\Users\tanwei.HOLD\Documents\Visual Studio 2010\Projects\getMathML - 副本 (2)\getMathML\Debug\link.5908-cvtres.write.1.tlog
C:\Users\tanwei.HOLD\Documents\Visual Studio 2010\Projects\getMathML - 副本 (2)\getMathML\Debug\link.8196.read.1.tlog
C:\Users\tanwei.HOLD\Documents\Visual Studio 2010\Projects\getMathML - 副本 (2)\getMathML\Debug\link.8196.write.1.tlog
C:\Users\tanwei.HOLD\Documents\Visual Studio 2010\Projects\getMathML - 副本 (2)\getMathML\Debug\link.8196-cvtres.read.1.tlog
C:\Users\tanwei.HOLD\Documents\Visual Studio 2010\Projects\getMathML - 副本 (2)\getMathML\Debug\link.8196-cvtres.write.1.tlog
C:\Users\tanwei.HOLD\Documents\Visual Studio 2010\Projects\getMathML - 副本 (2)\getMathML\Debug\link.command.1.tlog
C:\Users\tanwei.HOLD\Documents\Visual Studio 2010\Projects\getMathML - 副本 (2)\getMathML\Debug\link.read.1.tlog
C:\Users\tanwei.HOLD\Documents\Visual Studio 2010\Projects\getMathML - 副本 (2)\getMathML\Debug\link.write.1.tlog
C:\Users\tanwei.HOLD\Documents\Visual Studio 2010\Projects\getMathML - 副本 (2)\getMathML\Debug\link-cvtres.read.1.tlog
C:\Users\tanwei.HOLD\Documents\Visual Studio 2010\Projects\getMathML - 副本 (2)\getMathML\Debug\link-cvtres.write.1.tlog
C:\Users\tanwei.HOLD\Documents\Visual Studio 2010\Projects\getMathML - 副本 (2)\getMathML\Debug\MathTypeHelper.obj
C:\Users\tanwei.HOLD\Documents\Visual Studio 2010\Projects\getMathML - 副本 (2)\getMathML\Debug\MathTypeProcessor.obj
C:\Users\tanwei.HOLD\Documents\Visual Studio 2010\Projects\getMathML - 副本 (2)\getMathML\Debug\mt.command.1.tlog
C:\Users\tanwei.HOLD\Documents\Visual Studio 2010\Projects\getMathML - 副本 (2)\getMathML\Debug\mt.read.1.tlog
C:\Users\tanwei.HOLD\Documents\Visual Studio 2010\Projects\getMathML - 副本 (2)\getMathML\Debug\mt.write.1.tlog
C:\Users\tanwei.HOLD\Documents\Visual Studio 2010\Projects\getMathML - 副本 (2)\getMathML\Debug\MTEFTypes.obj
C:\Users\tanwei.HOLD\Documents\Visual Studio 2010\Projects\getMathML - 副本 (2)\getMathML\Debug\rc.command.1.tlog
C:\Users\tanwei.HOLD\Documents\Visual Studio 2010\Projects\getMathML - 副本 (2)\getMathML\Debug\rc.read.1.tlog
C:\Users\tanwei.HOLD\Documents\Visual Studio 2010\Projects\getMathML - 副本 (2)\getMathML\Debug\rc.write.1.tlog
C:\Users\tanwei.HOLD\Documents\Visual Studio 2010\Projects\getMathML - 副本 (2)\getMathML\Debug\stdafx.obj
C:\Users\tanwei.HOLD\Documents\Visual Studio 2010\Projects\getMathML - 副本 (2)\getMathML\Debug\vc100.idb
C:\Users\tanwei.HOLD\Documents\Visual Studio 2010\Projects\getMathML - 副本 (2)\getMathML\Debug\vc100.pdb
C:\USERS\TANWEI.HOLD\DOCUMENTS\VISUAL STUDIO 2010\PROJECTS\GETMATHML\DEBUG\GETMATHML.EXE
C:\USERS\TANWEI.HOLD\DOCUMENTS\VISUAL STUDIO 2010\PROJECTS\GETMATHML\DEBUG\GETMATHML.ILK
C:\USERS\TANWEI.HOLD\DOCUMENTS\VISUAL STUDIO 2010\PROJECTS\GETMATHML\DEBUG\GETMATHML.PDB
C:\USERS\TANWEI.HOLD\DOCUMENTS\VISUAL STUDIO 2010\PROJECTS\GETMATHML\GETMATHML\DEBUG\GETMATHML.EXE.EMBED.MANIFEST
C:\USERS\TANWEI.HOLD\DOCUMENTS\VISUAL STUDIO 2010\PROJECTS\GETMATHML\GETMATHML\DEBUG\GETMATHML.EXE.EMBED.MANIFEST.RES
C:\USERS\TANWEI.HOLD\DOCUMENTS\VISUAL STUDIO 2010\PROJECTS\GETMATHML\GETMATHML\DEBUG\GETMATHML.EXE.INTERMEDIATE.MANIFEST
C:\USERS\TANWEI.HOLD\DOCUMENTS\VISUAL STUDIO 2010\PROJECTS\GETMATHML\GETMATHML\DEBUG\GETMATHML.OBJ
C:\USERS\TANWEI.HOLD\DOCUMENTS\VISUAL STUDIO 2010\PROJECTS\GETMATHML\GETMATHML\DEBUG\GETMATHML.PCH
C:\USERS\TANWEI.HOLD\DOCUMENTS\VISUAL STUDIO 2010\PROJECTS\GETMATHML\GETMATHML\DEBUG\GETMATHML.RES
C:\USERS\TANWEI.HOLD\DOCUMENTS\VISUAL STUDIO 2010\PROJECTS\GETMATHML\GETMATHML\DEBUG\GETMATHMLDLG.OBJ
C:\USERS\TANWEI.HOLD\DOCUMENTS\VISUAL STUDIO 2010\PROJECTS\GETMATHML\GETMATHML\DEBUG\MATHTYPEHELPER.OBJ
C:\USERS\TANWEI.HOLD\DOCUMENTS\VISUAL STUDIO 2010\PROJECTS\GETMATHML\GETMATHML\DEBUG\MATHTYPEPROCESSOR.OBJ
C:\USERS\TANWEI.HOLD\DOCUMENTS\VISUAL STUDIO 2010\PROJECTS\GETMATHML\GETMATHML\DEBUG\MTEFTYPES.OBJ
C:\USERS\TANWEI.HOLD\DOCUMENTS\VISUAL STUDIO 2010\PROJECTS\GETMATHML\GETMATHML\DEBUG\STDAFX.OBJ
C:\USERS\TANWEI.HOLD\DOCUMENTS\VISUAL STUDIO 2010\PROJECTS\GETMATHML\GETMATHML\DEBUG\VC100.PDB
